Determining if the pthread_create exist failed with the following output:
Change Dir: /home/billue/source/softfm_nh7020/build/CMakeFiles/CMakeTmp

Run Build Command:"/usr/bin/make" "cmTC_bc76e/fast"
/usr/bin/make -f CMakeFiles/cmTC_bc76e.dir/build.make CMakeFiles/cmTC_bc76e.dir/build
make[1]: Entering directory '/home/billue/source/softfm_nh7020/build/CMakeFiles/CMakeTmp'
Building C object CMakeFiles/cmTC_bc76e.dir/CheckSymbolExists.c.o
/usr/bin/cc     -o CMakeFiles/cmTC_bc76e.dir/CheckSymbolExists.c.o   -c /home/billue/source/softfm_nh7020/build/CMakeFiles/CMakeTmp/CheckSymbolExists.c
Linking C executable cmTC_bc76e
/usr/bin/cmake -E cmake_link_script CMakeFiles/cmTC_bc76e.dir/link.txt --verbose=1
/usr/bin/cc       CMakeFiles/cmTC_bc76e.dir/CheckSymbolExists.c.o  -o cmTC_bc76e -rdynamic 
CMakeFiles/cmTC_bc76e.dir/CheckSymbolExists.c.o: In function `main':
CheckSymbolExists.c:(.text+0x16): undefined reference to `pthread_create'
collect2: error: ld returned 1 exit status
CMakeFiles/cmTC_bc76e.dir/build.make:97: recipe for target 'cmTC_bc76e' failed
make[1]: *** [cmTC_bc76e] Error 1
make[1]: Leaving directory '/home/billue/source/softfm_nh7020/build/CMakeFiles/CMakeTmp'
Makefile:126: recipe for target 'cmTC_bc76e/fast' failed
make: *** [cmTC_bc76e/fast] Error 2

File /home/billue/source/softfm_nh7020/build/CMakeFiles/CMakeTmp/CheckSymbolExists.c:
/* */
#include <pthread.h>

int main(int argc, char** argv)
{
  (void)argv;
#ifndef pthread_create
  return ((int*)(&pthread_create))[argc];
#else
  (void)argc;
  return 0;
#endif
}

Determining if the function pthread_create exists in the pthreads failed with the following output:
Change Dir: /home/billue/source/softfm_nh7020/build/CMakeFiles/CMakeTmp

Run Build Command:"/usr/bin/make" "cmTC_a5e22/fast"
/usr/bin/make -f CMakeFiles/cmTC_a5e22.dir/build.make CMakeFiles/cmTC_a5e22.dir/build
make[1]: Entering directory '/home/billue/source/softfm_nh7020/build/CMakeFiles/CMakeTmp'
Building C object CMakeFiles/cmTC_a5e22.dir/CheckFunctionExists.c.o
/usr/bin/cc    -DCHECK_FUNCTION_EXISTS=pthread_create   -o CMakeFiles/cmTC_a5e22.dir/CheckFunctionExists.c.o   -c /usr/share/cmake-3.5/Modules/CheckFunctionExists.c
Linking C executable cmTC_a5e22
/usr/bin/cmake -E cmake_link_script CMakeFiles/cmTC_a5e22.dir/link.txt --verbose=1
/usr/bin/cc   -DCHECK_FUNCTION_EXISTS=pthread_create    CMakeFiles/cmTC_a5e22.dir/CheckFunctionExists.c.o  -o cmTC_a5e22 -rdynamic -lpthreads 
/usr/bin/ld: cannot find -lpthreads
collect2: error: ld returned 1 exit status
CMakeFiles/cmTC_a5e22.dir/build.make:97: recipe for target 'cmTC_a5e22' failed
make[1]: *** [cmTC_a5e22] Error 1
make[1]: Leaving directory '/home/billue/source/softfm_nh7020/build/CMakeFiles/CMakeTmp'
Makefile:126: recipe for target 'cmTC_a5e22/fast' failed
make: *** [cmTC_a5e22/fast] Error 2


